<?xml version="1.0" encoding="UTF-8" ?>
<testsuite tests="10" failures="0" name="com.test.qa_technical_test.CukesRunnerTest" time="0.012" errors="0" skipped="0">
  <properties>
[...]
</properties>
  <testcase classname="| New user | john_daggot | ZP5JdLA7e | null | john_daggot | john_daggot | null | null | john_daggot | 0 |" name="Given A username &quot;john_daggot&quot; and password &quot;ZP5JdLA7e&quot;" time="0.003"/>
  <testcase classname="| New user | john_daggot | ZP5JdLA7e | null | john_daggot | john_daggot | null | null | john_daggot | 0 |" name="And UserType is &quot;New user&quot;" time="0.001"/>
  <testcase classname="| New user | john_daggot | ZP5JdLA7e | null | john_daggot | john_daggot | null | null | john_daggot | 0 |" name="When I make a POST request to &quot;/auth/login&quot;" time="0.001"/>
  <testcase classname="| New user | john_daggot | ZP5JdLA7e | null | john_daggot | john_daggot | null | null | john_daggot | 0 |" name="Then The response status code should be &quot;200&quot;" time="0"/>
  <testcase classname="| New user | john_daggot | ZP5JdLA7e | null | john_daggot | john_daggot | null | null | john_daggot | 0 |" name="| New user | john_daggot | ZP5JdLA7e | null | john_daggot | john_daggot | null | null | john_daggot | 0 |" time="0.001"/>
  <testcase classname="| Existing user | christopher_zarconi | SongMore7 | 106260 | christopher_zarconi | christopher_zarconi | null | PR | christopher_zarconi | 1 |" name="Given A username &quot;christopher_zarconi&quot; and password &quot;SongMore7&quot;" time="0.001"/>
  <testcase classname="| Existing user | christopher_zarconi | SongMore7 | 106260 | christopher_zarconi | christopher_zarconi | null | PR | christopher_zarconi | 1 |" name="And UserType is &quot;Existing user&quot;" time="0"/>
  <testcase classname="| Existing user | christopher_zarconi | SongMore7 | 106260 | christopher_zarconi | christopher_zarconi | null | PR | christopher_zarconi | 1 |" name="When I make a POST request to &quot;/auth/login&quot;" time="0.001"/>
  <testcase classname="| Existing user | christopher_zarconi | SongMore7 | 106260 | christopher_zarconi | christopher_zarconi | null | PR | christopher_zarconi | 1 |" name="Then The response status code should be &quot;200&quot;" time="0.001"/>
  <testcase classname="| Existing user | christopher_zarconi | SongMore7 | 106260 | christopher_zarconi | christopher_zarconi | null | PR | christopher_zarconi | 1 |" name="| Existing user | christopher_zarconi | SongMore7 | 106260 | christopher_zarconi | christopher_zarconi | null | PR | christopher_zarconi | 1 |" time="0.003"/>
</testsuite>